# JRE version: OpenJDK Runtime Environment Temurin-21.0.6+7 (21.0.6+7) (build 21.0.6+7-LTS)
# Java VM: OpenJDK 64-Bit Server VM Temurin-21.0.6+7 (21.0.6+7-LTS, mixed mode, sharing, tiered, compressed oops, compressed class ptrs, parallel gc, windows-amd64)
GC Precious Log:
 CardTable entry size: 512
 CPUs: 4 total, 4 available
 Memory: 3787M
 Large Page Support: Disabled
 NUMA Support: Disabled
 Compressed Oops: Enabled (32-bit)
 Alignments: Space 512K, Generation 512K, Heap 2M
 Heap Min Capacity: 100M
 Heap Initial Capacity: 100M
 Heap Max Capacity: 1G
 Pre-touch: Disabled
 Parallel Workers: 4
Heap:
 PSYoungGen      total 5632K, used 2623K [0x00000000eab00000, 0x00000000eb280000, 0x0000000100000000)
  eden space 4608K, 35% used [0x00000000eab00000,0x00000000eac93888,0x00000000eaf80000)
  from space 1024K, 98% used [0x00000000eb180000,0x00000000eb27c500,0x00000000eb280000)
  to   space 1536K, 0% used [0x00000000eaf80000,0x00000000eaf80000,0x00000000eb100000)
 ParOldGen       total 639488K, used 639381K [0x00000000c0000000, 0x00000000e7080000, 0x00000000eab00000)
  object space 639488K, 99% used [0x00000000c0000000,0x00000000e70657a8,0x00000000e7080000)
 Metaspace       used 89066K, committed 90816K, reserved 1179648K
  class space    used 8628K, committed 9408K, reserved 1048576K
GC Heap History (20 events):
Event: 4083.849 GC heap after
{Heap after GC invocations=2376 (full 5):
 PSYoungGen      total 3072K, used 586K [0x00000000eab00000, 0x00000000eb080000, 0x0000000100000000)
  eden space 2048K, 0% used [0x00000000eab00000,0x00000000eab00000,0x00000000ead00000)
  from space 1024K, 57% used [0x00000000eaf80000,0x00000000eb012a18,0x00000000eb080000)
  to   space 1536K, 0% used [0x00000000ead80000,0x00000000ead80000,0x00000000eaf00000)
 ParOldGen       total 624128K, used 623953K [0x00000000c0000000, 0x00000000e6180000, 0x00000000eab00000)
  object space 624128K, 99% used [0x00000000c0000000,0x00000000e61544d8,0x00000000e6180000)
 Metaspace       used 89063K, committed 90816K, reserved 1179648K
  class space    used 8628K, committed 9408K, reserved 1048576K
}
Event: 4083.874 GC heap before
{Heap before GC invocations=2377 (full 5):
 PSYoungGen      total 3072K, used 2554K [0x00000000eab00000, 0x00000000eb080000, 0x0000000100000000)
  eden space 2048K, 96% used [0x00000000eab00000,0x00000000eacec0a0,0x00000000ead00000)
  from space 1024K, 57% used [0x00000000eaf80000,0x00000000eb012a18,0x00000000eb080000)
  to   space 1536K, 0% used [0x00000000ead80000,0x00000000ead80000,0x00000000eaf00000)
 ParOldGen       total 624128K, used 623953K [0x00000000c0000000, 0x00000000e6180000, 0x00000000eab00000)
  object space 624128K, 99% used [0x00000000c0000000,0x00000000e61544d8,0x00000000e6180000)
 Metaspace       used 89063K, committed 90816K, reserved 1179648K
  class space    used 8628K, committed 9408K, reserved 1048576K
}
Event: 4083.880 GC heap after
{Heap after GC invocations=2377 (full 5):
 PSYoungGen      total 3584K, used 1505K [0x00000000eab00000, 0x00000000eb200000, 0x0000000100000000)
  eden space 2048K, 0% used [0x00000000eab00000,0x00000000eab00000,0x00000000ead00000)
  from space 1536K, 97% used [0x00000000ead80000,0x00000000eaef84a0,0x00000000eaf00000)
  to   space 2560K, 0% used [0x00000000eaf80000,0x00000000eaf80000,0x00000000eb200000)
 ParOldGen       total 624640K, used 624630K [0x00000000c0000000, 0x00000000e6200000, 0x00000000eab00000)
  object space 624640K, 99% used [0x00000000c0000000,0x00000000e61fdaa0,0x00000000e6200000)
 Metaspace       used 89063K, committed 90816K, reserved 1179648K
  class space    used 8628K, committed 9408K, reserved 1048576K
}
Event: 4083.885 GC heap before
{Heap before GC invocations=2378 (full 5):
 PSYoungGen      total 3584K, used 3553K [0x00000000eab00000, 0x00000000eb200000, 0x0000000100000000)
  eden space 2048K, 100% used [0x00000000eab00000,0x00000000ead00000,0x00000000ead00000)
  from space 1536K, 97% used [0x00000000ead80000,0x00000000eaef84a0,0x00000000eaf00000)
  to   space 2560K, 0% used [0x00000000eaf80000,0x00000000eaf80000,0x00000000eb200000)
 ParOldGen       total 624640K, used 624630K [0x00000000c0000000, 0x00000000e6200000, 0x00000000eab00000)
  object space 624640K, 99% used [0x00000000c0000000,0x00000000e61fdaa0,0x00000000e6200000)
 Metaspace       used 89063K, committed 90816K, reserved 1179648K
  class space    used 8628K, committed 9408K, reserved 1048576K
}
Event: 4083.892 GC heap after
{Heap after GC invocations=2378 (full 5):
 PSYoungGen      total 4608K, used 2058K [0x00000000eab00000, 0x00000000eb280000, 0x0000000100000000)
  eden space 2048K, 0% used [0x00000000eab00000,0x00000000eab00000,0x00000000ead00000)
  from space 2560K, 80% used [0x00000000eaf80000,0x00000000eb182a20,0x00000000eb200000)
  to   space 2560K, 0% used [0x00000000ead00000,0x00000000ead00000,0x00000000eaf80000)
 ParOldGen       total 626176K, used 626149K [0x00000000c0000000, 0x00000000e6380000, 0x00000000eab00000)
  object space 626176K, 99% used [0x00000000c0000000,0x00000000e6379758,0x00000000e6380000)
 Metaspace       used 89063K, committed 90816K, reserved 1179648K
  class space    used 8628K, committed 9408K, reserved 1048576K
}
Event: 4083.899 GC heap before
{Heap before GC invocations=2379 (full 5):
 PSYoungGen      total 4608K, used 4059K [0x00000000eab00000, 0x00000000eb280000, 0x0000000100000000)
  eden space 2048K, 97% used [0x00000000eab00000,0x00000000eacf4340,0x00000000ead00000)
  from space 2560K, 80% used [0x00000000eaf80000,0x00000000eb182a20,0x00000000eb200000)
  to   space 2560K, 0% used [0x00000000ead00000,0x00000000ead00000,0x00000000eaf80000)
 ParOldGen       total 626176K, used 626149K [0x00000000c0000000, 0x00000000e6380000, 0x00000000eab00000)
  object space 626176K, 99% used [0x00000000c0000000,0x00000000e6379758,0x00000000e6380000)
 Metaspace       used 89063K, committed 90816K, reserved 1179648K
  class space    used 8628K, committed 9408K, reserved 1048576K
}
Event: 4083.905 GC heap after
{Heap after GC invocations=2379 (full 5):
 PSYoungGen      total 4608K, used 1921K [0x00000000eab00000, 0x00000000eb180000, 0x0000000100000000)
  eden space 2048K, 0% used [0x00000000eab00000,0x00000000eab00000,0x00000000ead00000)
  from space 2560K, 75% used [0x00000000ead00000,0x00000000eaee05e0,0x00000000eaf80000)
  to   space 2048K, 0% used [0x00000000eaf80000,0x00000000eaf80000,0x00000000eb180000)
 ParOldGen       total 628224K, used 628152K [0x00000000c0000000, 0x00000000e6580000, 0x00000000eab00000)
  object space 628224K, 99% used [0x00000000c0000000,0x00000000e656e178,0x00000000e6580000)
 Metaspace       used 89063K, committed 90816K, reserved 1179648K
  class space    used 8628K, committed 9408K, reserved 1048576K
}
Event: 4083.918 GC heap before
{Heap before GC invocations=2380 (full 5):
 PSYoungGen      total 4608K, used 3578K [0x00000000eab00000, 0x00000000eb180000, 0x0000000100000000)
  eden space 2048K, 80% used [0x00000000eab00000,0x00000000eac9e380,0x00000000ead00000)
  from space 2560K, 75% used [0x00000000ead00000,0x00000000eaee05e0,0x00000000eaf80000)
  to   space 2048K, 0% used [0x00000000eaf80000,0x00000000eaf80000,0x00000000eb180000)
 ParOldGen       total 628224K, used 628152K [0x00000000c0000000, 0x00000000e6580000, 0x00000000eab00000)
  object space 628224K, 99% used [0x00000000c0000000,0x00000000e656e178,0x00000000e6580000)
 Metaspace       used 89063K, committed 90816K, reserved 1179648K
  class space    used 8628K, committed 9408K, reserved 1048576K
}
Event: 4083.925 GC heap after
{Heap after GC invocations=2380 (full 5):
 PSYoungGen      total 4608K, used 1456K [0x00000000eab00000, 0x00000000eb180000, 0x0000000100000000)
  eden space 2560K, 0% used [0x00000000eab00000,0x00000000eab00000,0x00000000ead80000)
  from space 2048K, 71% used [0x00000000eaf80000,0x00000000eb0ec000,0x00000000eb180000)
  to   space 2048K, 0% used [0x00000000ead80000,0x00000000ead80000,0x00000000eaf80000)
 ParOldGen       total 630272K, used 629974K [0x00000000c0000000, 0x00000000e6780000, 0x00000000eab00000)
  object space 630272K, 99% used [0x00000000c0000000,0x00000000e6735a30,0x00000000e6780000)
 Metaspace       used 89063K, committed 90816K, reserved 1179648K
  class space    used 8628K, committed 9408K, reserved 1048576K
}
Event: 4083.997 GC heap before
{Heap before GC invocations=2381 (full 5):
 PSYoungGen      total 4608K, used 4016K [0x00000000eab00000, 0x00000000eb180000, 0x0000000100000000)
  eden space 2560K, 100% used [0x00000000eab00000,0x00000000ead80000,0x00000000ead80000)
  from space 2048K, 71% used [0x00000000eaf80000,0x00000000eb0ec000,0x00000000eb180000)
  to   space 2048K, 0% used [0x00000000ead80000,0x00000000ead80000,0x00000000eaf80000)
 ParOldGen       total 630272K, used 629974K [0x00000000c0000000, 0x00000000e6780000, 0x00000000eab00000)
  object space 630272K, 99% used [0x00000000c0000000,0x00000000e6735a30,0x00000000e6780000)
 Metaspace       used 89063K, committed 90816K, reserved 1179648K
  class space    used 8628K, committed 9408K, reserved 1048576K
}
Event: 4084.003 GC heap after
{Heap after GC invocations=2381 (full 5):
 PSYoungGen      total 4608K, used 2031K [0x00000000eab00000, 0x00000000eb600000, 0x0000000100000000)
  eden space 2560K, 0% used [0x00000000eab00000,0x00000000eab00000,0x00000000ead80000)
  from space 2048K, 99% used [0x00000000ead80000,0x00000000eaf7bee0,0x00000000eaf80000)
  to   space 4096K, 0% used [0x00000000eb200000,0x00000000eb200000,0x00000000eb600000)
 ParOldGen       total 631808K, used 631350K [0x00000000c0000000, 0x00000000e6900000, 0x00000000eab00000)
  object space 631808K, 99% used [0x00000000c0000000,0x00000000e688da30,0x00000000e6900000)
 Metaspace       used 89063K, committed 90816K, reserved 1179648K
  class space    used 8628K, committed 9408K, reserved 1048576K
}
Event: 4084.014 GC heap before
{Heap before GC invocations=2382 (full 5):
 PSYoungGen      total 4608K, used 4591K [0x00000000eab00000, 0x00000000eb600000, 0x0000000100000000)
  eden space 2560K, 100% used [0x00000000eab00000,0x00000000ead80000,0x00000000ead80000)
  from space 2048K, 99% used [0x00000000ead80000,0x00000000eaf7bee0,0x00000000eaf80000)
  to   space 4096K, 0% used [0x00000000eb200000,0x00000000eb200000,0x00000000eb600000)
 ParOldGen       total 631808K, used 631350K [0x00000000c0000000, 0x00000000e6900000, 0x00000000eab00000)
  object space 631808K, 99% used [0x00000000c0000000,0x00000000e688da30,0x00000000e6900000)
 Metaspace       used 89063K, committed 90816K, reserved 1179648K
  class space    used 8628K, committed 9408K, reserved 1048576K
}
Event: 4084.022 GC heap after
{Heap after GC invocations=2382 (full 5):
 PSYoungGen      total 5632K, used 2272K [0x00000000eab00000, 0x00000000eb480000, 0x0000000100000000)
  eden space 3072K, 0% used [0x00000000eab00000,0x00000000eab00000,0x00000000eae00000)
  from space 2560K, 88% used [0x00000000eb200000,0x00000000eb438000,0x00000000eb480000)
  to   space 3072K, 0% used [0x00000000eae80000,0x00000000eae80000,0x00000000eb180000)
 ParOldGen       total 633856K, used 633384K [0x00000000c0000000, 0x00000000e6b00000, 0x00000000eab00000)
  object space 633856K, 99% used [0x00000000c0000000,0x00000000e6a8a348,0x00000000e6b00000)
 Metaspace       used 89063K, committed 90816K, reserved 1179648K
  class space    used 8628K, committed 9408K, reserved 1048576K
}
Event: 4084.084 GC heap before
{Heap before GC invocations=2383 (full 5):
 PSYoungGen      total 5632K, used 5344K [0x00000000eab00000, 0x00000000eb480000, 0x0000000100000000)
  eden space 3072K, 100% used [0x00000000eab00000,0x00000000eae00000,0x00000000eae00000)
  from space 2560K, 88% used [0x00000000eb200000,0x00000000eb438000,0x00000000eb480000)
  to   space 3072K, 0% used [0x00000000eae80000,0x00000000eae80000,0x00000000eb180000)
 ParOldGen       total 633856K, used 633384K [0x00000000c0000000, 0x00000000e6b00000, 0x00000000eab00000)
  object space 633856K, 99% used [0x00000000c0000000,0x00000000e6a8a348,0x00000000e6b00000)
 Metaspace       used 89063K, committed 90816K, reserved 1179648K
  class space    used 8628K, committed 9408K, reserved 1048576K
}
Event: 4084.115 GC heap after
{Heap after GC invocations=2383 (full 5):
 PSYoungGen      total 6656K, used 2176K [0x00000000eab00000, 0x00000000eb400000, 0x0000000100000000)
  eden space 3584K, 0% used [0x00000000eab00000,0x00000000eab00000,0x00000000eae80000)
  from space 3072K, 70% used [0x00000000eae80000,0x00000000eb0a03b8,0x00000000eb180000)
  to   space 2560K, 0% used [0x00000000eb180000,0x00000000eb180000,0x00000000eb400000)
 ParOldGen       total 635904K, used 635588K [0x00000000c0000000, 0x00000000e6d00000, 0x00000000eab00000)
  object space 635904K, 99% used [0x00000000c0000000,0x00000000e6cb1358,0x00000000e6d00000)
 Metaspace       used 89063K, committed 90816K, reserved 1179648K
  class space    used 8628K, committed 9408K, reserved 1048576K
}
Event: 4084.186 GC heap before
{Heap before GC invocations=2384 (full 5):
 PSYoungGen      total 6656K, used 5756K [0x00000000eab00000, 0x00000000eb400000, 0x0000000100000000)
  eden space 3584K, 99% used [0x00000000eab00000,0x00000000eae7ee38,0x00000000eae80000)
  from space 3072K, 70% used [0x00000000eae80000,0x00000000eb0a03b8,0x00000000eb180000)
  to   space 2560K, 0% used [0x00000000eb180000,0x00000000eb180000,0x00000000eb400000)
 ParOldGen       total 635904K, used 635588K [0x00000000c0000000, 0x00000000e6d00000, 0x00000000eab00000)
  object space 635904K, 99% used [0x00000000c0000000,0x00000000e6cb1358,0x00000000e6d00000)
 Metaspace       used 89064K, committed 90816K, reserved 1179648K
  class space    used 8628K, committed 9408K, reserved 1048576K
}
Event: 4084.294 GC heap after
{Heap after GC invocations=2384 (full 5):
 PSYoungGen      total 5632K, used 629K [0x00000000eab00000, 0x00000000eb280000, 0x0000000100000000)
  eden space 4608K, 0% used [0x00000000eab00000,0x00000000eab00000,0x00000000eaf80000)
  from space 1024K, 61% used [0x00000000eb180000,0x00000000eb21d410,0x00000000eb280000)
  to   space 1536K, 0% used [0x00000000eaf80000,0x00000000eaf80000,0x00000000eb100000)
 ParOldGen       total 637952K, used 637604K [0x00000000c0000000, 0x00000000e6f00000, 0x00000000eab00000)
  object space 637952K, 99% used [0x00000000c0000000,0x00000000e6ea9358,0x00000000e6f00000)
 Metaspace       used 89064K, committed 90816K, reserved 1179648K
  class space    used 8628K, committed 9408K, reserved 1048576K
}
Event: 4084.361 GC heap before
{Heap before GC invocations=2385 (full 5):
 PSYoungGen      total 5632K, used 5237K [0x00000000eab00000, 0x00000000eb280000, 0x0000000100000000)
  eden space 4608K, 100% used [0x00000000eab00000,0x00000000eaf80000,0x00000000eaf80000)
  from space 1024K, 61% used [0x00000000eb180000,0x00000000eb21d410,0x00000000eb280000)
  to   space 1536K, 0% used [0x00000000eaf80000,0x00000000eaf80000,0x00000000eb100000)
 ParOldGen       total 637952K, used 637604K [0x00000000c0000000, 0x00000000e6f00000, 0x00000000eab00000)
  object space 637952K, 99% used [0x00000000c0000000,0x00000000e6ea9358,0x00000000e6f00000)
 Metaspace       used 89066K, committed 90816K, reserved 1179648K
  class space    used 8628K, committed 9408K, reserved 1048576K
}
Event: 4084.365 GC heap after
{Heap after GC invocations=2385 (full 5):
 PSYoungGen      total 6144K, used 833K [0x00000000eab00000, 0x00000000eb280000, 0x0000000100000000)
  eden space 4608K, 0% used [0x00000000eab00000,0x00000000eab00000,0x00000000eaf80000)
  from space 1536K, 54% used [0x00000000eaf80000,0x00000000eb050700,0x00000000eb100000)
  to   space 1024K, 0% used [0x00000000eb180000,0x00000000eb180000,0x00000000eb280000)
 ParOldGen       total 638464K, used 638153K [0x00000000c0000000, 0x00000000e6f80000, 0x00000000eab00000)
  object space 638464K, 99% used [0x00000000c0000000,0x00000000e6f32768,0x00000000e6f80000)
 Metaspace       used 89066K, committed 90816K, reserved 1179648K
  class space    used 8628K, committed 9408K, reserved 1048576K
}
Event: 4084.487 GC heap before
{Heap before GC invocations=2386 (full 5):
 PSYoungGen      total 6144K, used 5441K [0x00000000eab00000, 0x00000000eb280000, 0x0000000100000000)
  eden space 4608K, 100% used [0x00000000eab00000,0x00000000eaf80000,0x00000000eaf80000)
  from space 1536K, 54% used [0x00000000eaf80000,0x00000000eb050700,0x00000000eb100000)
  to   space 1024K, 0% used [0x00000000eb180000,0x00000000eb180000,0x00000000eb280000)
 ParOldGen       total 638464K, used 638153K [0x00000000c0000000, 0x00000000e6f80000, 0x00000000eab00000)
  object space 638464K, 99% used [0x00000000c0000000,0x00000000e6f32768,0x00000000e6f80000)
 Metaspace       used 89066K, committed 90816K, reserved 1179648K
  class space    used 8628K, committed 9408K, reserved 1048576K
}

